2024-06-26 22:15:33,481 - INFO - Logging initialized.
2024-06-26 22:15:33,482 - INFO - Data source: IPinfo (https://ipinfo.io)
2024-06-26 22:15:33,482 - INFO - Data source: IPinfo (https://ipinfo.io)
2024-06-26 22:15:34,992 - INFO - Country + ASN database downloaded successfully.
2024-06-26 22:15:53,426 - INFO - Downloaded file from https://ipinfo.io/data/free/country_asn.mmdb?token=5a09f3d1f03715 to data/location.csv.gz
2024-06-26 22:20:48,941 - INFO - Logging initialized.
2024-06-26 22:20:48,942 - INFO - Data source: IPinfo (https://ipinfo.io)
2024-06-26 22:20:48,942 - INFO - Data source: IPinfo (https://ipinfo.io)
2024-06-26 22:20:48,943 - INFO - Country + ASN database already exists.
2024-06-26 22:21:11,291 - INFO - Downloaded file from https://ipinfo.io/data/free/country_asn.mmdb?token=5a09f3d1f03715 to data/location.csv.gz
2024-06-26 22:21:11,304 - ERROR - Failed to extract data/location.csv.gz. Error: Command 'gunzip -c data/location.csv.gz > data/location.csv' returned non-zero exit status 1.
2024-06-26 22:22:27,857 - INFO - Logging initialized.
2024-06-26 22:22:27,857 - INFO - Data source: IPinfo (https://ipinfo.io)
2024-06-26 22:22:27,858 - INFO - Data source: IPinfo (https://ipinfo.io)
2024-06-26 22:22:27,858 - INFO - Country + ASN database already exists.
2024-06-26 22:23:57,437 - INFO - Logging initialized.
2024-06-26 22:23:57,439 - INFO - Data source: IPinfo (https://ipinfo.io)
2024-06-26 22:23:57,439 - INFO - Data source: IPinfo (https://ipinfo.io)
2024-06-26 22:23:57,439 - INFO - Country + ASN database already exists.
2024-06-26 22:24:11,480 - INFO - Downloaded file from https://ipinfo.io/data/free/country_asn.mmdb?token=5a09f3d1f03715 to data/location.csv.gz
2024-06-26 22:24:11,492 - ERROR - Failed to extract data/location.csv.gz. Error: Command 'gunzip -c data/location.csv.gz > data/location.csv' returned non-zero exit status 1.
2024-06-26 22:24:11,512 - ERROR - Failed to filter US data from data/location.csv. Error: Command '(head -1 data/location.csv; grep ',US,' data/location.csv) > data/location_us.csv' returned non-zero exit status 1.
2024-06-26 22:24:11,532 - ERROR - Failed to filter multiple countries data from data/location.csv. Error: Command '(head -1 data/location.csv; grep -f data/countries.txt data/location.csv) > data/filtered_location.csv' returned non-zero exit status 1.
2024-06-26 22:33:16,854 - INFO - Logging initialized.
2024-06-26 22:33:16,856 - INFO - Data source: IPinfo (https://ipinfo.io)
2024-06-26 22:33:16,856 - INFO - Data source: IPinfo (https://ipinfo.io)
2024-06-26 22:33:16,856 - INFO - Country + ASN database already exists.
2024-06-26 22:33:50,158 - ERROR - Error fetching Country + ASN details for IP: 98.237.123.231. Error: The asn method cannot be used with the ipinfo generic_country_free_country_asn.mmdb database
2024-06-26 22:33:51,505 - INFO - Downloaded file from https://ipinfo.io/data/free/country_asn.mmdb?token=5a09f3d1f03715 to data/country_asn.mmdb
2024-06-26 22:33:51,506 - ERROR - File data/country_asn.csv.gz does not exist.
2024-06-26 22:33:51,506 - ERROR - Input CSV file data/country_asn.csv does not exist.
2024-06-26 22:33:51,508 - ERROR - Input CSV file data/country_asn.csv does not exist.
2024-06-26 22:38:43,138 - INFO - Logging initialized.
2024-06-26 22:38:43,140 - INFO - Data source: IPinfo (https://ipinfo.io)
2024-06-26 22:38:43,140 - INFO - Data source: IPinfo (https://ipinfo.io)
2024-06-26 22:38:43,140 - INFO - Country + ASN database already exists.
2024-06-26 22:40:14,709 - ERROR - Error fetching Country + ASN details for IP: 99.137.150.9. Error: The asn method cannot be used with the ipinfo generic_country_free_country_asn.mmdb database
2024-06-26 22:44:33,330 - INFO - Logging initialized.
2024-06-26 22:44:33,331 - INFO - Data source: IPinfo (https://ipinfo.io)
2024-06-26 22:44:33,331 - INFO - Data source: IPinfo (https://ipinfo.io)
2024-06-26 22:44:33,332 - INFO - Country + ASN database already exists.
2024-06-26 22:44:49,666 - ERROR - Error fetching Country + ASN details for IP: 35.134.203.19
45.24.12.225. Error: The asn method cannot be used with the ipinfo generic_country_free_country_asn.mmdb database
2024-06-26 22:44:49,889 - ERROR - IPinfo: Error fetching details for IP: 35.134.203.19
45.24.12.225. Error: 404 Client Error: Not Found for url: https://ipinfo.io/35.134.203.19%0A45.24.12.225/json?token=5a09f3d1f03715
2024-06-26 22:44:50,250 - ERROR - IPStack: Error fetching details for IP: 35.134.203.19
45.24.12.225. Error: 404 Client Error: Not Found for url: http://api.ipstack.com/35.134.203.19%0A45.24.12.225?access_key=6224df9c0c0e3cc8f80be8d79e7d094b&hostname=0&security=0&output=json
2024-06-26 22:50:39,209 - INFO - Logging initialized.
2024-06-26 22:50:39,210 - INFO - Data source: IPinfo (https://ipinfo.io)
2024-06-26 22:50:39,210 - INFO - Data source: IPinfo (https://ipinfo.io)
2024-06-26 22:50:39,210 - INFO - Country + ASN database already exists.
2024-06-26 22:51:08,499 - ERROR - Error fetching Country + ASN details for IP: 71.73.84.23. Error: The asn method cannot be used with the ipinfo generic_country_free_country_asn.mmdb database
2024-06-26 22:51:08,697 - ERROR - Error fetching Country + ASN details for IP: 73.253.185.148. Error: The asn method cannot be used with the ipinfo generic_country_free_country_asn.mmdb database
2024-06-26 22:51:08,855 - ERROR - Error fetching Country + ASN details for IP: 174.168.51.95. Error: The asn method cannot be used with the ipinfo generic_country_free_country_asn.mmdb database
2024-06-26 22:51:08,994 - ERROR - Error fetching Country + ASN details for IP: 69.253.185.201. Error: The asn method cannot be used with the ipinfo generic_country_free_country_asn.mmdb database
2024-06-26 22:51:09,131 - ERROR - Error fetching Country + ASN details for IP: 24.113.83.136. Error: The asn method cannot be used with the ipinfo generic_country_free_country_asn.mmdb database
2024-06-26 22:51:09,265 - ERROR - Error fetching Country + ASN details for IP: 174.73.206.191. Error: The asn method cannot be used with the ipinfo generic_country_free_country_asn.mmdb database
2024-06-26 22:51:09,397 - ERROR - Error fetching Country + ASN details for IP: 174.64.78.79. Error: The asn method cannot be used with the ipinfo generic_country_free_country_asn.mmdb database
2024-06-26 22:51:09,522 - ERROR - Error fetching Country + ASN details for IP: 73.254.120.229. Error: The asn method cannot be used with the ipinfo generic_country_free_country_asn.mmdb database
2024-06-26 22:51:09,655 - ERROR - Error fetching Country + ASN details for IP: 173.70.230.49. Error: The asn method cannot be used with the ipinfo generic_country_free_country_asn.mmdb database
2024-06-26 22:51:09,776 - ERROR - Error fetching Country + ASN details for IP: 207.228.39.253. Error: The asn method cannot be used with the ipinfo generic_country_free_country_asn.mmdb database
2024-06-26 22:51:09,892 - ERROR - Error fetching Country + ASN details for IP: 35.145.102.104. Error: The asn method cannot be used with the ipinfo generic_country_free_country_asn.mmdb database
2024-06-26 22:51:10,008 - ERROR - Error fetching Country + ASN details for IP: 24.243.243.153. Error: The asn method cannot be used with the ipinfo generic_country_free_country_asn.mmdb database
2024-06-26 22:51:10,127 - ERROR - Error fetching Country + ASN details for IP: 172.58.209.20. Error: The asn method cannot be used with the ipinfo generic_country_free_country_asn.mmdb database
2024-06-26 22:51:10,245 - ERROR - Error fetching Country + ASN details for IP: 172.58.131.246. Error: The asn method cannot be used with the ipinfo generic_country_free_country_asn.mmdb database
2024-06-26 22:51:10,366 - ERROR - Error fetching Country + ASN details for IP: 131.93.150.196. Error: The asn method cannot be used with the ipinfo generic_country_free_country_asn.mmdb database
2024-06-26 22:51:10,505 - ERROR - Error fetching Country + ASN details for IP: 76.234.152.222. Error: The asn method cannot be used with the ipinfo generic_country_free_country_asn.mmdb database
2024-06-26 22:51:10,627 - ERROR - Error fetching Country + ASN details for IP: 76.37.26.47. Error: The asn method cannot be used with the ipinfo generic_country_free_country_asn.mmdb database
2024-06-26 22:51:10,741 - ERROR - Error fetching Country + ASN details for IP: 204.14.36.70. Error: The asn method cannot be used with the ipinfo generic_country_free_country_asn.mmdb database
2024-06-26 22:51:10,855 - ERROR - Error fetching Country + ASN details for IP: 96.227.101.106. Error: The asn method cannot be used with the ipinfo generic_country_free_country_asn.mmdb database
2024-06-26 22:51:10,980 - ERROR - Error fetching Country + ASN details for IP: 68.132.11.116. Error: The asn method cannot be used with the ipinfo generic_country_free_country_asn.mmdb database
2024-06-26 22:51:11,120 - ERROR - Error fetching Country + ASN details for IP: 172.56.186.4. Error: The asn method cannot be used with the ipinfo generic_country_free_country_asn.mmdb database
2024-06-26 22:51:11,267 - ERROR - Error fetching Country + ASN details for IP: 172.56.208.82. Error: The asn method cannot be used with the ipinfo generic_country_free_country_asn.mmdb database
2024-06-26 22:51:11,407 - ERROR - Error fetching Country + ASN details for IP: 8.15.177.199. Error: The asn method cannot be used with the ipinfo generic_country_free_country_asn.mmdb database
2024-06-26 22:51:11,547 - ERROR - Error fetching Country + ASN details for IP: 67.191.8.106. Error: The asn method cannot be used with the ipinfo generic_country_free_country_asn.mmdb database
2024-06-26 22:51:11,685 - ERROR - Error fetching Country + ASN details for IP: 104.6.133.37. Error: The asn method cannot be used with the ipinfo generic_country_free_country_asn.mmdb database
2024-06-26 22:51:11,821 - ERROR - Error fetching Country + ASN details for IP: 50.90.148.98. Error: The asn method cannot be used with the ipinfo generic_country_free_country_asn.mmdb database
2024-06-26 22:51:11,946 - ERROR - Error fetching Country + ASN details for IP: 73.165.25.88. Error: The asn method cannot be used with the ipinfo generic_country_free_country_asn.mmdb database
2024-06-26 22:51:12,073 - ERROR - Error fetching Country + ASN details for IP: 75.232.119.52. Error: The asn method cannot be used with the ipinfo generic_country_free_country_asn.mmdb database
2024-06-26 22:51:12,196 - ERROR - Error fetching Country + ASN details for IP: 108.174.185.162. Error: The asn method cannot be used with the ipinfo generic_country_free_country_asn.mmdb database
2024-06-26 22:51:12,330 - ERROR - Error fetching Country + ASN details for IP: 173.22.104.154. Error: The asn method cannot be used with the ipinfo generic_country_free_country_asn.mmdb database
2024-06-26 22:51:12,467 - ERROR - Error fetching Country + ASN details for IP: 47.148.86.72. Error: The asn method cannot be used with the ipinfo generic_country_free_country_asn.mmdb database
2024-06-26 22:51:12,609 - ERROR - Error fetching Country + ASN details for IP: 142.214.155.139. Error: The asn method cannot be used with the ipinfo generic_country_free_country_asn.mmdb database
2024-06-26 22:51:12,746 - ERROR - Error fetching Country + ASN details for IP: 73.197.236.224. Error: The asn method cannot be used with the ipinfo generic_country_free_country_asn.mmdb database
2024-06-26 22:51:12,870 - ERROR - Error fetching Country + ASN details for IP: 104.174.211.112. Error: The asn method cannot be used with the ipinfo generic_country_free_country_asn.mmdb database
2024-06-26 22:51:12,983 - ERROR - Error fetching Country + ASN details for IP: 138.229.235.120. Error: The asn method cannot be used with the ipinfo generic_country_free_country_asn.mmdb database
2024-06-26 22:51:13,113 - ERROR - Error fetching Country + ASN details for IP: 108.165.115.135. Error: The asn method cannot be used with the ipinfo generic_country_free_country_asn.mmdb database
2024-06-26 22:51:13,243 - ERROR - Error fetching Country + ASN details for IP: 142.255.126.79. Error: The asn method cannot be used with the ipinfo generic_country_free_country_asn.mmdb database
2024-06-26 22:51:13,357 - ERROR - Error fetching Country + ASN details for IP: 108.41.188.44. Error: The asn method cannot be used with the ipinfo generic_country_free_country_asn.mmdb database
2024-06-26 22:51:13,471 - ERROR - Error fetching Country + ASN details for IP: 76.138.47.238. Error: The asn method cannot be used with the ipinfo generic_country_free_country_asn.mmdb database
2024-06-26 22:51:13,582 - ERROR - Error fetching Country + ASN details for IP: 75.191.65.74. Error: The asn method cannot be used with the ipinfo generic_country_free_country_asn.mmdb database
2024-06-26 22:51:13,716 - ERROR - Error fetching Country + ASN details for IP: 73.58.11.241. Error: The asn method cannot be used with the ipinfo generic_country_free_country_asn.mmdb database
2024-06-26 22:51:13,853 - ERROR - Error fetching Country + ASN details for IP: 143.55.90.250. Error: The asn method cannot be used with the ipinfo generic_country_free_country_asn.mmdb database
2024-06-26 22:51:13,975 - ERROR - Error fetching Country + ASN details for IP: 45.42.141.113. Error: The asn method cannot be used with the ipinfo generic_country_free_country_asn.mmdb database
2024-06-26 22:51:14,086 - ERROR - Error fetching Country + ASN details for IP: 47.150.133.174. Error: The asn method cannot be used with the ipinfo generic_country_free_country_asn.mmdb database
2024-06-26 22:51:14,209 - ERROR - Error fetching Country + ASN details for IP: 50.110.243.145. Error: The asn method cannot be used with the ipinfo generic_country_free_country_asn.mmdb database
2024-06-26 22:51:14,369 - ERROR - Error fetching Country + ASN details for IP: 99.32.159.24. Error: The asn method cannot be used with the ipinfo generic_country_free_country_asn.mmdb database
2024-06-26 22:51:14,481 - ERROR - Error fetching Country + ASN details for IP: 172.59.97.158. Error: The asn method cannot be used with the ipinfo generic_country_free_country_asn.mmdb database
2024-06-26 22:51:14,619 - ERROR - Error fetching Country + ASN details for IP: 108.237.171.107. Error: The asn method cannot be used with the ipinfo generic_country_free_country_asn.mmdb database
2024-06-26 22:51:14,742 - ERROR - Error fetching Country + ASN details for IP: 135.134.227.13. Error: The asn method cannot be used with the ipinfo generic_country_free_country_asn.mmdb database
2024-06-26 22:51:14,879 - ERROR - Error fetching Country + ASN details for IP: 98.216.72.38. Error: The asn method cannot be used with the ipinfo generic_country_free_country_asn.mmdb database
2024-06-26 22:51:15,014 - ERROR - Error fetching Country + ASN details for IP: 100.1.57.119. Error: The asn method cannot be used with the ipinfo generic_country_free_country_asn.mmdb database
2024-06-26 22:51:15,172 - ERROR - Error fetching Country + ASN details for IP: 206.217.8.23. Error: The asn method cannot be used with the ipinfo generic_country_free_country_asn.mmdb database
2024-06-26 22:51:15,310 - ERROR - Error fetching Country + ASN details for IP: 99.42.123.77. Error: The asn method cannot be used with the ipinfo generic_country_free_country_asn.mmdb database
2024-06-26 22:51:15,429 - ERROR - Error fetching Country + ASN details for IP: 73.12.194.148. Error: The asn method cannot be used with the ipinfo generic_country_free_country_asn.mmdb database
2024-06-26 22:51:15,567 - ERROR - Error fetching Country + ASN details for IP: 35.145.42.0. Error: The asn method cannot be used with the ipinfo generic_country_free_country_asn.mmdb database
2024-06-26 22:51:15,709 - ERROR - Error fetching Country + ASN details for IP: 68.107.65.248. Error: The asn method cannot be used with the ipinfo generic_country_free_country_asn.mmdb database
2024-06-26 22:51:15,826 - ERROR - Error fetching Country + ASN details for IP: 108.175.188.61. Error: The asn method cannot be used with the ipinfo generic_country_free_country_asn.mmdb database
2024-06-26 22:51:15,960 - ERROR - Error fetching Country + ASN details for IP: 99.56.186.54. Error: The asn method cannot be used with the ipinfo generic_country_free_country_asn.mmdb database
2024-06-26 22:51:16,097 - ERROR - Error fetching Country + ASN details for IP: 72.211.148.150. Error: The asn method cannot be used with the ipinfo generic_country_free_country_asn.mmdb database
2024-06-26 22:51:16,219 - ERROR - Error fetching Country + ASN details for IP: 208.66.212.229. Error: The asn method cannot be used with the ipinfo generic_country_free_country_asn.mmdb database
2024-06-26 22:51:16,352 - ERROR - Error fetching Country + ASN details for IP: 76.90.125.239. Error: The asn method cannot be used with the ipinfo generic_country_free_country_asn.mmdb database
2024-06-26 22:51:16,474 - ERROR - Error fetching Country + ASN details for IP: 71.209.202.3. Error: The asn method cannot be used with the ipinfo generic_country_free_country_asn.mmdb database
2024-06-26 22:51:16,594 - ERROR - Error fetching Country + ASN details for IP: 82.86.70.135. Error: The asn method cannot be used with the ipinfo generic_country_free_country_asn.mmdb database
2024-06-26 22:51:16,733 - ERROR - Error fetching Country + ASN details for IP: 71.76.37.248. Error: The asn method cannot be used with the ipinfo generic_country_free_country_asn.mmdb database
2024-06-26 22:51:16,856 - ERROR - Error fetching Country + ASN details for IP: 108.6.112.204. Error: The asn method cannot be used with the ipinfo generic_country_free_country_asn.mmdb database
2024-06-26 22:51:16,996 - ERROR - Error fetching Country + ASN details for IP: 71.245.161.137. Error: The asn method cannot be used with the ipinfo generic_country_free_country_asn.mmdb database
2024-06-26 22:51:17,117 - ERROR - Error fetching Country + ASN details for IP: 172.59.187.175. Error: The asn method cannot be used with the ipinfo generic_country_free_country_asn.mmdb database
2024-06-26 22:51:17,244 - ERROR - Error fetching Country + ASN details for IP: 35.148.187.231. Error: The asn method cannot be used with the ipinfo generic_country_free_country_asn.mmdb database
2024-06-26 22:51:17,380 - ERROR - Error fetching Country + ASN details for IP: 73.134.227.22. Error: The asn method cannot be used with the ipinfo generic_country_free_country_asn.mmdb database
2024-06-26 22:51:17,514 - ERROR - Error fetching Country + ASN details for IP: 73.104.233.59. Error: The asn method cannot be used with the ipinfo generic_country_free_country_asn.mmdb database
2024-06-26 22:51:17,642 - ERROR - Error fetching Country + ASN details for IP: 75.44.151.81. Error: The asn method cannot be used with the ipinfo generic_country_free_country_asn.mmdb database
2024-06-26 22:51:17,785 - ERROR - Error fetching Country + ASN details for IP: 71.71.135.85. Error: The asn method cannot be used with the ipinfo generic_country_free_country_asn.mmdb database
2024-06-26 22:51:17,902 - ERROR - Error fetching Country + ASN details for IP: 184.97.151.29. Error: The asn method cannot be used with the ipinfo generic_country_free_country_asn.mmdb database
2024-06-26 22:51:18,028 - ERROR - Error fetching Country + ASN details for IP: 76.116.93.98. Error: The asn method cannot be used with the ipinfo generic_country_free_country_asn.mmdb database
2024-06-26 22:51:18,149 - ERROR - Error fetching Country + ASN details for IP: 76.35.77.111. Error: The asn method cannot be used with the ipinfo generic_country_free_country_asn.mmdb database
2024-06-26 22:51:18,271 - ERROR - Error fetching Country + ASN details for IP: 67.252.72.100. Error: The asn method cannot be used with the ipinfo generic_country_free_country_asn.mmdb database
2024-06-26 22:51:18,404 - ERROR - Error fetching Country + ASN details for IP: 100.1.116.62. Error: The asn method cannot be used with the ipinfo generic_country_free_country_asn.mmdb database
2024-06-26 22:51:18,522 - ERROR - Error fetching Country + ASN details for IP: 47.16.187.188. Error: The asn method cannot be used with the ipinfo generic_country_free_country_asn.mmdb database
2024-06-26 22:51:18,659 - ERROR - Error fetching Country + ASN details for IP: 73.49.31.252. Error: The asn method cannot be used with the ipinfo generic_country_free_country_asn.mmdb database
2024-06-26 22:51:18,781 - ERROR - Error fetching Country + ASN details for IP: 76.235.245.164. Error: The asn method cannot be used with the ipinfo generic_country_free_country_asn.mmdb database
2024-06-26 22:51:18,915 - ERROR - Error fetching Country + ASN details for IP: 73.139.199.144. Error: The asn method cannot be used with the ipinfo generic_country_free_country_asn.mmdb database
2024-06-26 22:51:19,047 - ERROR - Error fetching Country + ASN details for IP: 73.216.101.203. Error: The asn method cannot be used with the ipinfo generic_country_free_country_asn.mmdb database
2024-06-26 22:51:19,187 - ERROR - Error fetching Country + ASN details for IP: 24.183.244.183. Error: The asn method cannot be used with the ipinfo generic_country_free_country_asn.mmdb database
2024-06-26 22:51:19,312 - ERROR - Error fetching Country + ASN details for IP: 68.66.29.238. Error: The asn method cannot be used with the ipinfo generic_country_free_country_asn.mmdb database
2024-06-26 22:51:19,452 - ERROR - Error fetching Country + ASN details for IP: 24.158.120.230. Error: The asn method cannot be used with the ipinfo generic_country_free_country_asn.mmdb database
2024-06-26 22:51:19,584 - ERROR - Error fetching Country + ASN details for IP: 76.35.3.115. Error: The asn method cannot be used with the ipinfo generic_country_free_country_asn.mmdb database
2024-06-26 22:51:19,704 - ERROR - Error fetching Country + ASN details for IP: 68.202.231.164. Error: The asn method cannot be used with the ipinfo generic_country_free_country_asn.mmdb database
2024-06-26 22:51:19,829 - ERROR - Error fetching Country + ASN details for IP: 35.134.203.19. Error: The asn method cannot be used with the ipinfo generic_country_free_country_asn.mmdb database
2024-06-26 22:51:19,948 - ERROR - Error fetching Country + ASN details for IP: 45.24.12.225. Error: The asn method cannot be used with the ipinfo generic_country_free_country_asn.mmdb database
2024-06-26 22:51:20,071 - ERROR - Error fetching Country + ASN details for IP: 144.163.66.15. Error: The asn method cannot be used with the ipinfo generic_country_free_country_asn.mmdb database
2024-06-26 22:51:20,213 - ERROR - Error fetching Country + ASN details for IP: 70.177.144.139. Error: The asn method cannot be used with the ipinfo generic_country_free_country_asn.mmdb database
2024-06-26 22:51:20,342 - ERROR - Error fetching Country + ASN details for IP: 24.34.234.139. Error: The asn method cannot be used with the ipinfo generic_country_free_country_asn.mmdb database
2024-06-26 22:51:20,482 - ERROR - Error fetching Country + ASN details for IP: 24.41.101.90. Error: The asn method cannot be used with the ipinfo generic_country_free_country_asn.mmdb database
2024-06-26 22:51:20,622 - ERROR - Error fetching Country + ASN details for IP: 192.24.102.225. Error: The asn method cannot be used with the ipinfo generic_country_free_country_asn.mmdb database
2024-06-26 22:51:20,742 - ERROR - Error fetching Country + ASN details for IP: 47.198.113.18. Error: The asn method cannot be used with the ipinfo generic_country_free_country_asn.mmdb database
2024-06-26 22:51:20,881 - ERROR - Error fetching Country + ASN details for IP: 45.46.81.235. Error: The asn method cannot be used with the ipinfo generic_country_free_country_asn.mmdb database
2024-06-26 22:51:21,002 - ERROR - Error fetching Country + ASN details for IP: 47.199.221.23. Error: The asn method cannot be used with the ipinfo generic_country_free_country_asn.mmdb database
2024-06-26 22:51:21,125 - ERROR - Error fetching Country + ASN details for IP: 174.61.102.126. Error: The asn method cannot be used with the ipinfo generic_country_free_country_asn.mmdb database
2024-06-26 22:51:21,249 - ERROR - Error fetching Country + ASN details for IP: 172.118.100.165. Error: The asn method cannot be used with the ipinfo generic_country_free_country_asn.mmdb database
2024-06-26 22:51:21,385 - ERROR - Error fetching Country + ASN details for IP: 99.137.150.9. Error: The asn method cannot be used with the ipinfo generic_country_free_country_asn.mmdb database
2024-06-26 22:51:21,526 - ERROR - Error fetching Country + ASN details for IP: 70.126.16.230. Error: The asn method cannot be used with the ipinfo generic_country_free_country_asn.mmdb database
2024-06-26 22:51:21,664 - ERROR - Error fetching Country + ASN details for IP: 73.235.175.103. Error: The asn method cannot be used with the ipinfo generic_country_free_country_asn.mmdb database
2024-06-26 22:51:21,802 - ERROR - Error fetching Country + ASN details for IP: 24.28.99.245. Error: The asn method cannot be used with the ipinfo generic_country_free_country_asn.mmdb database
2024-06-26 22:51:21,941 - ERROR - Error fetching Country + ASN details for IP: 68.118.250.207. Error: The asn method cannot be used with the ipinfo generic_country_free_country_asn.mmdb database
2024-06-26 22:51:22,084 - ERROR - Error fetching Country + ASN details for IP: 69.138.164.237. Error: The asn method cannot be used with the ipinfo generic_country_free_country_asn.mmdb database
2024-06-26 22:51:22,223 - ERROR - Error fetching Country + ASN details for IP: 98.237.123.231. Error: The asn method cannot be used with the ipinfo generic_country_free_country_asn.mmdb database
2024-06-26 22:51:22,359 - ERROR - Error fetching Country + ASN details for IP: 98.252.189.7. Error: The asn method cannot be used with the ipinfo generic_country_free_country_asn.mmdb database
2024-06-26 22:59:58,446 - INFO - Logging initialized.
2024-06-26 22:59:58,448 - INFO - Data source: IPinfo (https://ipinfo.io)
2024-06-26 22:59:58,448 - INFO - Data source: IPinfo (https://ipinfo.io)
2024-06-26 22:59:58,449 - INFO - Country + ASN database already exists.
2024-06-26 23:00:18,468 - ERROR - Error fetching Country + ASN details for IP: 71.73.84.23. Error: The asn method cannot be used with the ipinfo generic_country_free_country_asn.mmdb database
2024-06-26 23:00:19,756 - ERROR - Error fetching Country + ASN details for IP: 73.253.185.148. Error: The asn method cannot be used with the ipinfo generic_country_free_country_asn.mmdb database
2024-06-26 23:00:19,880 - ERROR - Error fetching Country + ASN details for IP: 174.168.51.95. Error: The asn method cannot be used with the ipinfo generic_country_free_country_asn.mmdb database
2024-06-26 23:00:20,018 - ERROR - Error fetching Country + ASN details for IP: 69.253.185.201. Error: The asn method cannot be used with the ipinfo generic_country_free_country_asn.mmdb database
2024-06-26 23:00:20,157 - ERROR - Error fetching Country + ASN details for IP: 24.113.83.136. Error: The asn method cannot be used with the ipinfo generic_country_free_country_asn.mmdb database
2024-06-26 23:00:20,284 - ERROR - Error fetching Country + ASN details for IP: 174.73.206.191. Error: The asn method cannot be used with the ipinfo generic_country_free_country_asn.mmdb database
2024-06-26 23:00:20,399 - ERROR - Error fetching Country + ASN details for IP: 174.64.78.79. Error: The asn method cannot be used with the ipinfo generic_country_free_country_asn.mmdb database
2024-06-26 23:00:20,521 - ERROR - Error fetching Country + ASN details for IP: 73.254.120.229. Error: The asn method cannot be used with the ipinfo generic_country_free_country_asn.mmdb database
2024-06-26 23:00:20,653 - ERROR - Error fetching Country + ASN details for IP: 173.70.230.49. Error: The asn method cannot be used with the ipinfo generic_country_free_country_asn.mmdb database
2024-06-26 23:00:20,791 - ERROR - Error fetching Country + ASN details for IP: 207.228.39.253. Error: The asn method cannot be used with the ipinfo generic_country_free_country_asn.mmdb database
2024-06-26 23:00:20,902 - ERROR - Error fetching Country + ASN details for IP: 35.145.102.104. Error: The asn method cannot be used with the ipinfo generic_country_free_country_asn.mmdb database
2024-06-26 23:00:21,048 - ERROR - Error fetching Country + ASN details for IP: 24.243.243.153. Error: The asn method cannot be used with the ipinfo generic_country_free_country_asn.mmdb database
2024-06-26 23:00:21,174 - ERROR - Error fetching Country + ASN details for IP: 172.58.209.20. Error: The asn method cannot be used with the ipinfo generic_country_free_country_asn.mmdb database
2024-06-26 23:00:21,289 - ERROR - Error fetching Country + ASN details for IP: 172.58.131.246. Error: The asn method cannot be used with the ipinfo generic_country_free_country_asn.mmdb database
2024-06-26 23:00:21,425 - ERROR - Error fetching Country + ASN details for IP: 131.93.150.196. Error: The asn method cannot be used with the ipinfo generic_country_free_country_asn.mmdb database
2024-06-26 23:00:21,564 - ERROR - Error fetching Country + ASN details for IP: 76.234.152.222. Error: The asn method cannot be used with the ipinfo generic_country_free_country_asn.mmdb database
2024-06-26 23:00:21,705 - ERROR - Error fetching Country + ASN details for IP: 76.37.26.47. Error: The asn method cannot be used with the ipinfo generic_country_free_country_asn.mmdb database
2024-06-26 23:00:21,825 - ERROR - Error fetching Country + ASN details for IP: 204.14.36.70. Error: The asn method cannot be used with the ipinfo generic_country_free_country_asn.mmdb database
2024-06-26 23:00:21,954 - ERROR - Error fetching Country + ASN details for IP: 96.227.101.106. Error: The asn method cannot be used with the ipinfo generic_country_free_country_asn.mmdb database
2024-06-26 23:00:22,092 - ERROR - Error fetching Country + ASN details for IP: 68.132.11.116. Error: The asn method cannot be used with the ipinfo generic_country_free_country_asn.mmdb database
2024-06-26 23:00:22,218 - ERROR - Error fetching Country + ASN details for IP: 172.56.186.4. Error: The asn method cannot be used with the ipinfo generic_country_free_country_asn.mmdb database
2024-06-26 23:00:22,360 - ERROR - Error fetching Country + ASN details for IP: 172.56.208.82. Error: The asn method cannot be used with the ipinfo generic_country_free_country_asn.mmdb database
2024-06-26 23:00:22,484 - ERROR - Error fetching Country + ASN details for IP: 8.15.177.199. Error: The asn method cannot be used with the ipinfo generic_country_free_country_asn.mmdb database
2024-06-26 23:00:22,624 - ERROR - Error fetching Country + ASN details for IP: 67.191.8.106. Error: The asn method cannot be used with the ipinfo generic_country_free_country_asn.mmdb database
2024-06-26 23:00:22,760 - ERROR - Error fetching Country + ASN details for IP: 104.6.133.37. Error: The asn method cannot be used with the ipinfo generic_country_free_country_asn.mmdb database
2024-06-26 23:00:22,882 - ERROR - Error fetching Country + ASN details for IP: 50.90.148.98. Error: The asn method cannot be used with the ipinfo generic_country_free_country_asn.mmdb database
2024-06-26 23:00:23,007 - ERROR - Error fetching Country + ASN details for IP: 73.165.25.88. Error: The asn method cannot be used with the ipinfo generic_country_free_country_asn.mmdb database
2024-06-26 23:00:23,149 - ERROR - Error fetching Country + ASN details for IP: 75.232.119.52. Error: The asn method cannot be used with the ipinfo generic_country_free_country_asn.mmdb database
2024-06-26 23:00:23,267 - ERROR - Error fetching Country + ASN details for IP: 108.174.185.162. Error: The asn method cannot be used with the ipinfo generic_country_free_country_asn.mmdb database
2024-06-26 23:00:23,391 - ERROR - Error fetching Country + ASN details for IP: 173.22.104.154. Error: The asn method cannot be used with the ipinfo generic_country_free_country_asn.mmdb database
2024-06-26 23:00:23,530 - ERROR - Error fetching Country + ASN details for IP: 47.148.86.72. Error: The asn method cannot be used with the ipinfo generic_country_free_country_asn.mmdb database
2024-06-26 23:00:23,646 - ERROR - Error fetching Country + ASN details for IP: 142.214.155.139. Error: The asn method cannot be used with the ipinfo generic_country_free_country_asn.mmdb database
2024-06-26 23:00:23,782 - ERROR - Error fetching Country + ASN details for IP: 73.197.236.224. Error: The asn method cannot be used with the ipinfo generic_country_free_country_asn.mmdb database
2024-06-26 23:00:23,921 - ERROR - Error fetching Country + ASN details for IP: 104.174.211.112. Error: The asn method cannot be used with the ipinfo generic_country_free_country_asn.mmdb database
2024-06-26 23:00:24,044 - ERROR - Error fetching Country + ASN details for IP: 138.229.235.120. Error: The asn method cannot be used with the ipinfo generic_country_free_country_asn.mmdb database
2024-06-26 23:00:24,168 - ERROR - Error fetching Country + ASN details for IP: 108.165.115.135. Error: The asn method cannot be used with the ipinfo generic_country_free_country_asn.mmdb database
2024-06-26 23:00:24,294 - ERROR - Error fetching Country + ASN details for IP: 142.255.126.79. Error: The asn method cannot be used with the ipinfo generic_country_free_country_asn.mmdb database
2024-06-26 23:00:24,429 - ERROR - Error fetching Country + ASN details for IP: 108.41.188.44. Error: The asn method cannot be used with the ipinfo generic_country_free_country_asn.mmdb database
2024-06-26 23:00:24,548 - ERROR - Error fetching Country + ASN details for IP: 76.138.47.238. Error: The asn method cannot be used with the ipinfo generic_country_free_country_asn.mmdb database
2024-06-26 23:00:24,668 - ERROR - Error fetching Country + ASN details for IP: 75.191.65.74. Error: The asn method cannot be used with the ipinfo generic_country_free_country_asn.mmdb database
2024-06-26 23:00:24,800 - ERROR - Error fetching Country + ASN details for IP: 73.58.11.241. Error: The asn method cannot be used with the ipinfo generic_country_free_country_asn.mmdb database
2024-06-26 23:00:24,939 - ERROR - Error fetching Country + ASN details for IP: 143.55.90.250. Error: The asn method cannot be used with the ipinfo generic_country_free_country_asn.mmdb database
2024-06-26 23:00:25,063 - ERROR - Error fetching Country + ASN details for IP: 45.42.141.113. Error: The asn method cannot be used with the ipinfo generic_country_free_country_asn.mmdb database
2024-06-26 23:00:25,200 - ERROR - Error fetching Country + ASN details for IP: 47.150.133.174. Error: The asn method cannot be used with the ipinfo generic_country_free_country_asn.mmdb database
2024-06-26 23:00:25,335 - ERROR - Error fetching Country + ASN details for IP: 50.110.243.145. Error: The asn method cannot be used with the ipinfo generic_country_free_country_asn.mmdb database
2024-06-26 23:00:25,473 - ERROR - Error fetching Country + ASN details for IP: 99.32.159.24. Error: The asn method cannot be used with the ipinfo generic_country_free_country_asn.mmdb database
2024-06-26 23:00:25,597 - ERROR - Error fetching Country + ASN details for IP: 172.59.97.158. Error: The asn method cannot be used with the ipinfo generic_country_free_country_asn.mmdb database
2024-06-26 23:00:25,716 - ERROR - Error fetching Country + ASN details for IP: 108.237.171.107. Error: The asn method cannot be used with the ipinfo generic_country_free_country_asn.mmdb database
2024-06-26 23:00:25,859 - ERROR - Error fetching Country + ASN details for IP: 135.134.227.13. Error: The asn method cannot be used with the ipinfo generic_country_free_country_asn.mmdb database
2024-06-26 23:00:25,976 - ERROR - Error fetching Country + ASN details for IP: 98.216.72.38. Error: The asn method cannot be used with the ipinfo generic_country_free_country_asn.mmdb database
2024-06-26 23:00:26,091 - ERROR - Error fetching Country + ASN details for IP: 100.1.57.119. Error: The asn method cannot be used with the ipinfo generic_country_free_country_asn.mmdb database
2024-06-26 23:00:26,206 - ERROR - Error fetching Country + ASN details for IP: 206.217.8.23. Error: The asn method cannot be used with the ipinfo generic_country_free_country_asn.mmdb database
2024-06-26 23:00:26,349 - ERROR - Error fetching Country + ASN details for IP: 99.42.123.77. Error: The asn method cannot be used with the ipinfo generic_country_free_country_asn.mmdb database
2024-06-26 23:00:26,478 - ERROR - Error fetching Country + ASN details for IP: 73.12.194.148. Error: The asn method cannot be used with the ipinfo generic_country_free_country_asn.mmdb database
2024-06-26 23:00:26,596 - ERROR - Error fetching Country + ASN details for IP: 35.145.42.0. Error: The asn method cannot be used with the ipinfo generic_country_free_country_asn.mmdb database
2024-06-26 23:00:26,713 - ERROR - Error fetching Country + ASN details for IP: 68.107.65.248. Error: The asn method cannot be used with the ipinfo generic_country_free_country_asn.mmdb database
2024-06-26 23:00:26,831 - ERROR - Error fetching Country + ASN details for IP: 108.175.188.61. Error: The asn method cannot be used with the ipinfo generic_country_free_country_asn.mmdb database
2024-06-26 23:00:26,951 - ERROR - Error fetching Country + ASN details for IP: 99.56.186.54. Error: The asn method cannot be used with the ipinfo generic_country_free_country_asn.mmdb database
2024-06-26 23:00:27,087 - ERROR - Error fetching Country + ASN details for IP: 72.211.148.150. Error: The asn method cannot be used with the ipinfo generic_country_free_country_asn.mmdb database
2024-06-26 23:00:27,227 - ERROR - Error fetching Country + ASN details for IP: 208.66.212.229. Error: The asn method cannot be used with the ipinfo generic_country_free_country_asn.mmdb database
2024-06-26 23:00:27,340 - ERROR - Error fetching Country + ASN details for IP: 76.90.125.239. Error: The asn method cannot be used with the ipinfo generic_country_free_country_asn.mmdb database
2024-06-26 23:00:27,463 - ERROR - Error fetching Country + ASN details for IP: 71.209.202.3. Error: The asn method cannot be used with the ipinfo generic_country_free_country_asn.mmdb database
2024-06-26 23:00:27,584 - ERROR - Error fetching Country + ASN details for IP: 82.86.70.135. Error: The asn method cannot be used with the ipinfo generic_country_free_country_asn.mmdb database
2024-06-26 23:00:27,704 - ERROR - Error fetching Country + ASN details for IP: 71.76.37.248. Error: The asn method cannot be used with the ipinfo generic_country_free_country_asn.mmdb database
2024-06-26 23:00:27,821 - ERROR - Error fetching Country + ASN details for IP: 108.6.112.204. Error: The asn method cannot be used with the ipinfo generic_country_free_country_asn.mmdb database
2024-06-26 23:00:27,936 - ERROR - Error fetching Country + ASN details for IP: 71.245.161.137. Error: The asn method cannot be used with the ipinfo generic_country_free_country_asn.mmdb database
2024-06-26 23:00:28,052 - ERROR - Error fetching Country + ASN details for IP: 172.59.187.175. Error: The asn method cannot be used with the ipinfo generic_country_free_country_asn.mmdb database
2024-06-26 23:00:28,200 - ERROR - Error fetching Country + ASN details for IP: 35.148.187.231. Error: The asn method cannot be used with the ipinfo generic_country_free_country_asn.mmdb database
2024-06-26 23:00:28,335 - ERROR - Error fetching Country + ASN details for IP: 73.134.227.22. Error: The asn method cannot be used with the ipinfo generic_country_free_country_asn.mmdb database
2024-06-26 23:00:28,465 - ERROR - Error fetching Country + ASN details for IP: 73.104.233.59. Error: The asn method cannot be used with the ipinfo generic_country_free_country_asn.mmdb database
2024-06-26 23:00:28,634 - ERROR - Error fetching Country + ASN details for IP: 75.44.151.81. Error: The asn method cannot be used with the ipinfo generic_country_free_country_asn.mmdb database
2024-06-26 23:00:28,766 - ERROR - Error fetching Country + ASN details for IP: 71.71.135.85. Error: The asn method cannot be used with the ipinfo generic_country_free_country_asn.mmdb database
2024-06-26 23:00:28,881 - ERROR - Error fetching Country + ASN details for IP: 184.97.151.29. Error: The asn method cannot be used with the ipinfo generic_country_free_country_asn.mmdb database
2024-06-26 23:00:28,998 - ERROR - Error fetching Country + ASN details for IP: 76.116.93.98. Error: The asn method cannot be used with the ipinfo generic_country_free_country_asn.mmdb database
2024-06-26 23:00:29,120 - ERROR - Error fetching Country + ASN details for IP: 76.35.77.111. Error: The asn method cannot be used with the ipinfo generic_country_free_country_asn.mmdb database
2024-06-26 23:00:29,271 - ERROR - Error fetching Country + ASN details for IP: 67.252.72.100. Error: The asn method cannot be used with the ipinfo generic_country_free_country_asn.mmdb database
2024-06-26 23:00:29,413 - ERROR - Error fetching Country + ASN details for IP: 100.1.116.62. Error: The asn method cannot be used with the ipinfo generic_country_free_country_asn.mmdb database
2024-06-26 23:00:29,533 - ERROR - Error fetching Country + ASN details for IP: 47.16.187.188. Error: The asn method cannot be used with the ipinfo generic_country_free_country_asn.mmdb database
2024-06-26 23:00:29,669 - ERROR - Error fetching Country + ASN details for IP: 73.49.31.252. Error: The asn method cannot be used with the ipinfo generic_country_free_country_asn.mmdb database
2024-06-26 23:00:29,786 - ERROR - Error fetching Country + ASN details for IP: 76.235.245.164. Error: The asn method cannot be used with the ipinfo generic_country_free_country_asn.mmdb database
2024-06-26 23:00:29,904 - ERROR - Error fetching Country + ASN details for IP: 73.139.199.144. Error: The asn method cannot be used with the ipinfo generic_country_free_country_asn.mmdb database
2024-06-26 23:00:30,044 - ERROR - Error fetching Country + ASN details for IP: 73.216.101.203. Error: The asn method cannot be used with the ipinfo generic_country_free_country_asn.mmdb database
2024-06-26 23:00:30,185 - ERROR - Error fetching Country + ASN details for IP: 24.183.244.183. Error: The asn method cannot be used with the ipinfo generic_country_free_country_asn.mmdb database
2024-06-26 23:00:30,347 - ERROR - Error fetching Country + ASN details for IP: 68.66.29.238. Error: The asn method cannot be used with the ipinfo generic_country_free_country_asn.mmdb database
2024-06-26 23:00:30,471 - ERROR - Error fetching Country + ASN details for IP: 24.158.120.230. Error: The asn method cannot be used with the ipinfo generic_country_free_country_asn.mmdb database
2024-06-26 23:00:30,613 - ERROR - Error fetching Country + ASN details for IP: 76.35.3.115. Error: The asn method cannot be used with the ipinfo generic_country_free_country_asn.mmdb database
2024-06-26 23:00:30,735 - ERROR - Error fetching Country + ASN details for IP: 68.202.231.164. Error: The asn method cannot be used with the ipinfo generic_country_free_country_asn.mmdb database
2024-06-26 23:00:30,872 - ERROR - Error fetching Country + ASN details for IP: 35.134.203.19. Error: The asn method cannot be used with the ipinfo generic_country_free_country_asn.mmdb database
2024-06-26 23:00:31,011 - ERROR - Error fetching Country + ASN details for IP: 45.24.12.225. Error: The asn method cannot be used with the ipinfo generic_country_free_country_asn.mmdb database
2024-06-26 23:00:31,135 - ERROR - Error fetching Country + ASN details for IP: 144.163.66.15. Error: The asn method cannot be used with the ipinfo generic_country_free_country_asn.mmdb database
2024-06-26 23:00:31,250 - ERROR - Error fetching Country + ASN details for IP: 70.177.144.139. Error: The asn method cannot be used with the ipinfo generic_country_free_country_asn.mmdb database
2024-06-26 23:00:31,381 - ERROR - Error fetching Country + ASN details for IP: 24.34.234.139. Error: The asn method cannot be used with the ipinfo generic_country_free_country_asn.mmdb database
2024-06-26 23:00:31,522 - ERROR - Error fetching Country + ASN details for IP: 24.41.101.90. Error: The asn method cannot be used with the ipinfo generic_country_free_country_asn.mmdb database
2024-06-26 23:00:31,639 - ERROR - Error fetching Country + ASN details for IP: 192.24.102.225. Error: The asn method cannot be used with the ipinfo generic_country_free_country_asn.mmdb database
2024-06-26 23:00:31,771 - ERROR - Error fetching Country + ASN details for IP: 47.198.113.18. Error: The asn method cannot be used with the ipinfo generic_country_free_country_asn.mmdb database
2024-06-26 23:00:31,908 - ERROR - Error fetching Country + ASN details for IP: 45.46.81.235. Error: The asn method cannot be used with the ipinfo generic_country_free_country_asn.mmdb database
2024-06-26 23:00:32,053 - ERROR - Error fetching Country + ASN details for IP: 47.199.221.23. Error: The asn method cannot be used with the ipinfo generic_country_free_country_asn.mmdb database
2024-06-26 23:00:32,184 - ERROR - Error fetching Country + ASN details for IP: 174.61.102.126. Error: The asn method cannot be used with the ipinfo generic_country_free_country_asn.mmdb database
2024-06-26 23:00:32,326 - ERROR - Error fetching Country + ASN details for IP: 172.118.100.165. Error: The asn method cannot be used with the ipinfo generic_country_free_country_asn.mmdb database
2024-06-26 23:00:32,454 - ERROR - Error fetching Country + ASN details for IP: 99.137.150.9. Error: The asn method cannot be used with the ipinfo generic_country_free_country_asn.mmdb database
2024-06-26 23:00:32,570 - ERROR - Error fetching Country + ASN details for IP: 70.126.16.230. Error: The asn method cannot be used with the ipinfo generic_country_free_country_asn.mmdb database
2024-06-26 23:00:32,688 - ERROR - Error fetching Country + ASN details for IP: 73.235.175.103. Error: The asn method cannot be used with the ipinfo generic_country_free_country_asn.mmdb database
2024-06-26 23:00:32,814 - ERROR - Error fetching Country + ASN details for IP: 24.28.99.245. Error: The asn method cannot be used with the ipinfo generic_country_free_country_asn.mmdb database
2024-06-26 23:00:32,937 - ERROR - Error fetching Country + ASN details for IP: 68.118.250.207. Error: The asn method cannot be used with the ipinfo generic_country_free_country_asn.mmdb database
2024-06-26 23:00:33,074 - ERROR - Error fetching Country + ASN details for IP: 69.138.164.237. Error: The asn method cannot be used with the ipinfo generic_country_free_country_asn.mmdb database
2024-06-26 23:00:33,208 - ERROR - Error fetching Country + ASN details for IP: 98.237.123.231. Error: The asn method cannot be used with the ipinfo generic_country_free_country_asn.mmdb database
2024-06-26 23:00:33,339 - ERROR - Error fetching Country + ASN details for IP: 98.252.189.7. Error: The asn method cannot be used with the ipinfo generic_country_free_country_asn.mmdb database
2024-06-26 23:17:55,628 - INFO - Logging initialized.
2024-06-26 23:17:55,632 - INFO - Data source: IPinfo (https://ipinfo.io)
2024-06-26 23:17:55,633 - INFO - Data source: IPinfo (https://ipinfo.io)
2024-06-26 23:17:55,633 - INFO - Country + ASN database already exists.
2024-06-26 23:18:10,975 - ERROR - Error fetching Country + ASN details for IP: 71.73.84.23. Error: The asn method cannot be used with the ipinfo generic_country_free_country_asn.mmdb database
2024-06-26 23:18:11,246 - ERROR - Error fetching Country + ASN details for IP: 73.253.185.148. Error: The asn method cannot be used with the ipinfo generic_country_free_country_asn.mmdb database
2024-06-26 23:18:11,376 - ERROR - Error fetching Country + ASN details for IP: 174.168.51.95. Error: The asn method cannot be used with the ipinfo generic_country_free_country_asn.mmdb database
2024-06-26 23:18:11,516 - ERROR - Error fetching Country + ASN details for IP: 69.253.185.201. Error: The asn method cannot be used with the ipinfo generic_country_free_country_asn.mmdb database
2024-06-26 23:18:11,638 - ERROR - Error fetching Country + ASN details for IP: 24.113.83.136. Error: The asn method cannot be used with the ipinfo generic_country_free_country_asn.mmdb database
2024-06-26 23:18:11,765 - ERROR - Error fetching Country + ASN details for IP: 174.73.206.191. Error: The asn method cannot be used with the ipinfo generic_country_free_country_asn.mmdb database
2024-06-26 23:18:11,894 - ERROR - Error fetching Country + ASN details for IP: 174.64.78.79. Error: The asn method cannot be used with the ipinfo generic_country_free_country_asn.mmdb database
2024-06-26 23:18:12,010 - ERROR - Error fetching Country + ASN details for IP: 73.254.120.229. Error: The asn method cannot be used with the ipinfo generic_country_free_country_asn.mmdb database
2024-06-26 23:18:12,131 - ERROR - Error fetching Country + ASN details for IP: 173.70.230.49. Error: The asn method cannot be used with the ipinfo generic_country_free_country_asn.mmdb database
2024-06-26 23:18:12,275 - ERROR - Error fetching Country + ASN details for IP: 207.228.39.253. Error: The asn method cannot be used with the ipinfo generic_country_free_country_asn.mmdb database
2024-06-26 23:18:12,412 - ERROR - Error fetching Country + ASN details for IP: 35.145.102.104. Error: The asn method cannot be used with the ipinfo generic_country_free_country_asn.mmdb database
2024-06-26 23:18:12,548 - ERROR - Error fetching Country + ASN details for IP: 24.243.243.153. Error: The asn method cannot be used with the ipinfo generic_country_free_country_asn.mmdb database
2024-06-26 23:18:12,684 - ERROR - Error fetching Country + ASN details for IP: 172.58.209.20. Error: The asn method cannot be used with the ipinfo generic_country_free_country_asn.mmdb database
2024-06-26 23:18:12,820 - ERROR - Error fetching Country + ASN details for IP: 172.58.131.246. Error: The asn method cannot be used with the ipinfo generic_country_free_country_asn.mmdb database
2024-06-26 23:18:12,953 - ERROR - Error fetching Country + ASN details for IP: 131.93.150.196. Error: The asn method cannot be used with the ipinfo generic_country_free_country_asn.mmdb database
2024-06-26 23:18:13,081 - ERROR - Error fetching Country + ASN details for IP: 76.234.152.222. Error: The asn method cannot be used with the ipinfo generic_country_free_country_asn.mmdb database
2024-06-26 23:18:13,215 - ERROR - Error fetching Country + ASN details for IP: 76.37.26.47. Error: The asn method cannot be used with the ipinfo generic_country_free_country_asn.mmdb database
2024-06-26 23:18:13,353 - ERROR - Error fetching Country + ASN details for IP: 204.14.36.70. Error: The asn method cannot be used with the ipinfo generic_country_free_country_asn.mmdb database
2024-06-26 23:18:13,475 - ERROR - Error fetching Country + ASN details for IP: 96.227.101.106. Error: The asn method cannot be used with the ipinfo generic_country_free_country_asn.mmdb database
2024-06-26 23:18:13,614 - ERROR - Error fetching Country + ASN details for IP: 68.132.11.116. Error: The asn method cannot be used with the ipinfo generic_country_free_country_asn.mmdb database
2024-06-26 23:18:13,741 - ERROR - Error fetching Country + ASN details for IP: 172.56.186.4. Error: The asn method cannot be used with the ipinfo generic_country_free_country_asn.mmdb database
2024-06-26 23:18:13,863 - ERROR - Error fetching Country + ASN details for IP: 172.56.208.82. Error: The asn method cannot be used with the ipinfo generic_country_free_country_asn.mmdb database
2024-06-26 23:18:13,983 - ERROR - Error fetching Country + ASN details for IP: 8.15.177.199. Error: The asn method cannot be used with the ipinfo generic_country_free_country_asn.mmdb database
2024-06-26 23:18:14,120 - ERROR - Error fetching Country + ASN details for IP: 67.191.8.106. Error: The asn method cannot be used with the ipinfo generic_country_free_country_asn.mmdb database
2024-06-26 23:18:14,239 - ERROR - Error fetching Country + ASN details for IP: 104.6.133.37. Error: The asn method cannot be used with the ipinfo generic_country_free_country_asn.mmdb database
2024-06-26 23:18:14,357 - ERROR - Error fetching Country + ASN details for IP: 50.90.148.98. Error: The asn method cannot be used with the ipinfo generic_country_free_country_asn.mmdb database
2024-06-26 23:18:14,489 - ERROR - Error fetching Country + ASN details for IP: 73.165.25.88. Error: The asn method cannot be used with the ipinfo generic_country_free_country_asn.mmdb database
2024-06-26 23:18:14,609 - ERROR - Error fetching Country + ASN details for IP: 75.232.119.52. Error: The asn method cannot be used with the ipinfo generic_country_free_country_asn.mmdb database
2024-06-26 23:18:14,728 - ERROR - Error fetching Country + ASN details for IP: 108.174.185.162. Error: The asn method cannot be used with the ipinfo generic_country_free_country_asn.mmdb database
2024-06-26 23:18:14,877 - ERROR - Error fetching Country + ASN details for IP: 173.22.104.154. Error: The asn method cannot be used with the ipinfo generic_country_free_country_asn.mmdb database
2024-06-26 23:18:15,014 - ERROR - Error fetching Country + ASN details for IP: 47.148.86.72. Error: The asn method cannot be used with the ipinfo generic_country_free_country_asn.mmdb database
2024-06-26 23:18:15,130 - ERROR - Error fetching Country + ASN details for IP: 142.214.155.139. Error: The asn method cannot be used with the ipinfo generic_country_free_country_asn.mmdb database
2024-06-26 23:18:15,274 - ERROR - Error fetching Country + ASN details for IP: 73.197.236.224. Error: The asn method cannot be used with the ipinfo generic_country_free_country_asn.mmdb database
2024-06-26 23:18:15,412 - ERROR - Error fetching Country + ASN details for IP: 104.174.211.112. Error: The asn method cannot be used with the ipinfo generic_country_free_country_asn.mmdb database
2024-06-26 23:18:15,646 - ERROR - Error fetching Country + ASN details for IP: 138.229.235.120. Error: The asn method cannot be used with the ipinfo generic_country_free_country_asn.mmdb database
2024-06-26 23:18:15,783 - ERROR - Error fetching Country + ASN details for IP: 108.165.115.135. Error: The asn method cannot be used with the ipinfo generic_country_free_country_asn.mmdb database
2024-06-26 23:18:15,940 - ERROR - Error fetching Country + ASN details for IP: 142.255.126.79. Error: The asn method cannot be used with the ipinfo generic_country_free_country_asn.mmdb database
2024-06-26 23:18:16,064 - ERROR - Error fetching Country + ASN details for IP: 108.41.188.44. Error: The asn method cannot be used with the ipinfo generic_country_free_country_asn.mmdb database
2024-06-26 23:18:16,186 - ERROR - Error fetching Country + ASN details for IP: 76.138.47.238. Error: The asn method cannot be used with the ipinfo generic_country_free_country_asn.mmdb database
2024-06-26 23:18:16,325 - ERROR - Error fetching Country + ASN details for IP: 75.191.65.74. Error: The asn method cannot be used with the ipinfo generic_country_free_country_asn.mmdb database
2024-06-26 23:18:16,465 - ERROR - Error fetching Country + ASN details for IP: 73.58.11.241. Error: The asn method cannot be used with the ipinfo generic_country_free_country_asn.mmdb database
2024-06-26 23:18:16,593 - ERROR - Error fetching Country + ASN details for IP: 143.55.90.250. Error: The asn method cannot be used with the ipinfo generic_country_free_country_asn.mmdb database
2024-06-26 23:18:16,713 - ERROR - Error fetching Country + ASN details for IP: 45.42.141.113. Error: The asn method cannot be used with the ipinfo generic_country_free_country_asn.mmdb database
2024-06-26 23:18:16,832 - ERROR - Error fetching Country + ASN details for IP: 47.150.133.174. Error: The asn method cannot be used with the ipinfo generic_country_free_country_asn.mmdb database
2024-06-26 23:18:16,987 - ERROR - Error fetching Country + ASN details for IP: 50.110.243.145. Error: The asn method cannot be used with the ipinfo generic_country_free_country_asn.mmdb database
2024-06-26 23:18:17,125 - ERROR - Error fetching Country + ASN details for IP: 99.32.159.24. Error: The asn method cannot be used with the ipinfo generic_country_free_country_asn.mmdb database
2024-06-26 23:18:17,263 - ERROR - Error fetching Country + ASN details for IP: 172.59.97.158. Error: The asn method cannot be used with the ipinfo generic_country_free_country_asn.mmdb database
2024-06-26 23:18:17,396 - ERROR - Error fetching Country + ASN details for IP: 108.237.171.107. Error: The asn method cannot be used with the ipinfo generic_country_free_country_asn.mmdb database
2024-06-26 23:18:17,527 - ERROR - Error fetching Country + ASN details for IP: 135.134.227.13. Error: The asn method cannot be used with the ipinfo generic_country_free_country_asn.mmdb database
2024-06-26 23:18:17,632 - ERROR - Error fetching Country + ASN details for IP: 98.216.72.38. Error: The asn method cannot be used with the ipinfo generic_country_free_country_asn.mmdb database
2024-06-26 23:18:17,753 - ERROR - Error fetching Country + ASN details for IP: 100.1.57.119. Error: The asn method cannot be used with the ipinfo generic_country_free_country_asn.mmdb database
2024-06-26 23:18:17,861 - ERROR - Error fetching Country + ASN details for IP: 206.217.8.23. Error: The asn method cannot be used with the ipinfo generic_country_free_country_asn.mmdb database
2024-06-26 23:18:17,963 - ERROR - Error fetching Country + ASN details for IP: 99.42.123.77. Error: The asn method cannot be used with the ipinfo generic_country_free_country_asn.mmdb database
2024-06-26 23:18:18,073 - ERROR - Error fetching Country + ASN details for IP: 73.12.194.148. Error: The asn method cannot be used with the ipinfo generic_country_free_country_asn.mmdb database
2024-06-26 23:18:18,198 - ERROR - Error fetching Country + ASN details for IP: 35.145.42.0. Error: The asn method cannot be used with the ipinfo generic_country_free_country_asn.mmdb database
2024-06-26 23:18:18,331 - ERROR - Error fetching Country + ASN details for IP: 68.107.65.248. Error: The asn method cannot be used with the ipinfo generic_country_free_country_asn.mmdb database
2024-06-26 23:18:18,462 - ERROR - Error fetching Country + ASN details for IP: 108.175.188.61. Error: The asn method cannot be used with the ipinfo generic_country_free_country_asn.mmdb database
2024-06-26 23:18:18,598 - ERROR - Error fetching Country + ASN details for IP: 99.56.186.54. Error: The asn method cannot be used with the ipinfo generic_country_free_country_asn.mmdb database
2024-06-26 23:18:18,733 - ERROR - Error fetching Country + ASN details for IP: 72.211.148.150. Error: The asn method cannot be used with the ipinfo generic_country_free_country_asn.mmdb database
2024-06-26 23:18:18,852 - ERROR - Error fetching Country + ASN details for IP: 208.66.212.229. Error: The asn method cannot be used with the ipinfo generic_country_free_country_asn.mmdb database
2024-06-26 23:18:18,969 - ERROR - Error fetching Country + ASN details for IP: 76.90.125.239. Error: The asn method cannot be used with the ipinfo generic_country_free_country_asn.mmdb database
2024-06-26 23:18:19,110 - ERROR - Error fetching Country + ASN details for IP: 71.209.202.3. Error: The asn method cannot be used with the ipinfo generic_country_free_country_asn.mmdb database
2024-06-26 23:18:19,231 - ERROR - Error fetching Country + ASN details for IP: 82.86.70.135. Error: The asn method cannot be used with the ipinfo generic_country_free_country_asn.mmdb database
2024-06-26 23:18:19,346 - ERROR - Error fetching Country + ASN details for IP: 71.76.37.248. Error: The asn method cannot be used with the ipinfo generic_country_free_country_asn.mmdb database
2024-06-26 23:18:19,471 - ERROR - Error fetching Country + ASN details for IP: 108.6.112.204. Error: The asn method cannot be used with the ipinfo generic_country_free_country_asn.mmdb database
2024-06-26 23:18:19,619 - ERROR - Error fetching Country + ASN details for IP: 71.245.161.137. Error: The asn method cannot be used with the ipinfo generic_country_free_country_asn.mmdb database
2024-06-26 23:18:19,761 - ERROR - Error fetching Country + ASN details for IP: 172.59.187.175. Error: The asn method cannot be used with the ipinfo generic_country_free_country_asn.mmdb database
2024-06-26 23:18:19,890 - ERROR - Error fetching Country + ASN details for IP: 35.148.187.231. Error: The asn method cannot be used with the ipinfo generic_country_free_country_asn.mmdb database
2024-06-26 23:18:19,999 - ERROR - Error fetching Country + ASN details for IP: 73.134.227.22. Error: The asn method cannot be used with the ipinfo generic_country_free_country_asn.mmdb database
2024-06-26 23:18:20,110 - ERROR - Error fetching Country + ASN details for IP: 73.104.233.59. Error: The asn method cannot be used with the ipinfo generic_country_free_country_asn.mmdb database
2024-06-26 23:18:20,241 - ERROR - Error fetching Country + ASN details for IP: 75.44.151.81. Error: The asn method cannot be used with the ipinfo generic_country_free_country_asn.mmdb database
2024-06-26 23:18:20,349 - ERROR - Error fetching Country + ASN details for IP: 71.71.135.85. Error: The asn method cannot be used with the ipinfo generic_country_free_country_asn.mmdb database
2024-06-26 23:18:20,455 - ERROR - Error fetching Country + ASN details for IP: 184.97.151.29. Error: The asn method cannot be used with the ipinfo generic_country_free_country_asn.mmdb database
2024-06-26 23:18:20,582 - ERROR - Error fetching Country + ASN details for IP: 76.116.93.98. Error: The asn method cannot be used with the ipinfo generic_country_free_country_asn.mmdb database
2024-06-26 23:18:20,693 - ERROR - Error fetching Country + ASN details for IP: 76.35.77.111. Error: The asn method cannot be used with the ipinfo generic_country_free_country_asn.mmdb database
2024-06-26 23:18:20,809 - ERROR - Error fetching Country + ASN details for IP: 67.252.72.100. Error: The asn method cannot be used with the ipinfo generic_country_free_country_asn.mmdb database
2024-06-26 23:18:20,929 - ERROR - Error fetching Country + ASN details for IP: 100.1.116.62. Error: The asn method cannot be used with the ipinfo generic_country_free_country_asn.mmdb database
2024-06-26 23:18:21,043 - ERROR - Error fetching Country + ASN details for IP: 47.16.187.188. Error: The asn method cannot be used with the ipinfo generic_country_free_country_asn.mmdb database
2024-06-26 23:18:21,177 - ERROR - Error fetching Country + ASN details for IP: 73.49.31.252. Error: The asn method cannot be used with the ipinfo generic_country_free_country_asn.mmdb database
2024-06-26 23:18:21,306 - ERROR - Error fetching Country + ASN details for IP: 76.235.245.164. Error: The asn method cannot be used with the ipinfo generic_country_free_country_asn.mmdb database
2024-06-26 23:18:21,420 - ERROR - Error fetching Country + ASN details for IP: 73.139.199.144. Error: The asn method cannot be used with the ipinfo generic_country_free_country_asn.mmdb database
2024-06-26 23:18:21,546 - ERROR - Error fetching Country + ASN details for IP: 73.216.101.203. Error: The asn method cannot be used with the ipinfo generic_country_free_country_asn.mmdb database
2024-06-26 23:18:21,652 - ERROR - Error fetching Country + ASN details for IP: 24.183.244.183. Error: The asn method cannot be used with the ipinfo generic_country_free_country_asn.mmdb database
2024-06-26 23:18:21,763 - ERROR - Error fetching Country + ASN details for IP: 68.66.29.238. Error: The asn method cannot be used with the ipinfo generic_country_free_country_asn.mmdb database
2024-06-26 23:18:21,882 - ERROR - Error fetching Country + ASN details for IP: 24.158.120.230. Error: The asn method cannot be used with the ipinfo generic_country_free_country_asn.mmdb database
2024-06-26 23:18:22,014 - ERROR - Error fetching Country + ASN details for IP: 76.35.3.115. Error: The asn method cannot be used with the ipinfo generic_country_free_country_asn.mmdb database
2024-06-26 23:18:22,152 - ERROR - Error fetching Country + ASN details for IP: 68.202.231.164. Error: The asn method cannot be used with the ipinfo generic_country_free_country_asn.mmdb database
2024-06-26 23:18:22,293 - ERROR - Error fetching Country + ASN details for IP: 35.134.203.19. Error: The asn method cannot be used with the ipinfo generic_country_free_country_asn.mmdb database
2024-06-26 23:18:22,432 - ERROR - Error fetching Country + ASN details for IP: 45.24.12.225. Error: The asn method cannot be used with the ipinfo generic_country_free_country_asn.mmdb database
2024-06-26 23:18:22,576 - ERROR - Error fetching Country + ASN details for IP: 144.163.66.15. Error: The asn method cannot be used with the ipinfo generic_country_free_country_asn.mmdb database
2024-06-26 23:18:22,715 - ERROR - Error fetching Country + ASN details for IP: 70.177.144.139. Error: The asn method cannot be used with the ipinfo generic_country_free_country_asn.mmdb database
2024-06-26 23:18:22,832 - ERROR - Error fetching Country + ASN details for IP: 24.34.234.139. Error: The asn method cannot be used with the ipinfo generic_country_free_country_asn.mmdb database
2024-06-26 23:18:22,961 - ERROR - Error fetching Country + ASN details for IP: 24.41.101.90. Error: The asn method cannot be used with the ipinfo generic_country_free_country_asn.mmdb database
2024-06-26 23:18:23,096 - ERROR - Error fetching Country + ASN details for IP: 192.24.102.225. Error: The asn method cannot be used with the ipinfo generic_country_free_country_asn.mmdb database
2024-06-26 23:18:23,233 - ERROR - Error fetching Country + ASN details for IP: 47.198.113.18. Error: The asn method cannot be used with the ipinfo generic_country_free_country_asn.mmdb database
2024-06-26 23:18:23,359 - ERROR - Error fetching Country + ASN details for IP: 45.46.81.235. Error: The asn method cannot be used with the ipinfo generic_country_free_country_asn.mmdb database
2024-06-26 23:18:23,502 - ERROR - Error fetching Country + ASN details for IP: 47.199.221.23. Error: The asn method cannot be used with the ipinfo generic_country_free_country_asn.mmdb database
2024-06-26 23:18:23,639 - ERROR - Error fetching Country + ASN details for IP: 174.61.102.126. Error: The asn method cannot be used with the ipinfo generic_country_free_country_asn.mmdb database
2024-06-26 23:18:23,776 - ERROR - Error fetching Country + ASN details for IP: 172.118.100.165. Error: The asn method cannot be used with the ipinfo generic_country_free_country_asn.mmdb database
2024-06-26 23:18:23,911 - ERROR - Error fetching Country + ASN details for IP: 99.137.150.9. Error: The asn method cannot be used with the ipinfo generic_country_free_country_asn.mmdb database
2024-06-26 23:18:24,046 - ERROR - Error fetching Country + ASN details for IP: 70.126.16.230. Error: The asn method cannot be used with the ipinfo generic_country_free_country_asn.mmdb database
2024-06-26 23:18:24,169 - ERROR - Error fetching Country + ASN details for IP: 73.235.175.103. Error: The asn method cannot be used with the ipinfo generic_country_free_country_asn.mmdb database
2024-06-26 23:18:24,294 - ERROR - Error fetching Country + ASN details for IP: 24.28.99.245. Error: The asn method cannot be used with the ipinfo generic_country_free_country_asn.mmdb database
2024-06-26 23:18:24,412 - ERROR - Error fetching Country + ASN details for IP: 68.118.250.207. Error: The asn method cannot be used with the ipinfo generic_country_free_country_asn.mmdb database
2024-06-26 23:18:24,527 - ERROR - Error fetching Country + ASN details for IP: 69.138.164.237. Error: The asn method cannot be used with the ipinfo generic_country_free_country_asn.mmdb database
2024-06-26 23:18:24,658 - ERROR - Error fetching Country + ASN details for IP: 98.237.123.231. Error: The asn method cannot be used with the ipinfo generic_country_free_country_asn.mmdb database
2024-06-26 23:18:24,811 - ERROR - Error fetching Country + ASN details for IP: 98.252.189.7. Error: The asn method cannot be used with the ipinfo generic_country_free_country_asn.mmdb database
2024-06-26 23:47:19,664 - INFO - Logging initialized.
2024-06-26 23:47:19,669 - INFO - Data source: IPinfo (https://ipinfo.io)
2024-06-26 23:47:19,669 - INFO - Country + ASN database already exists.
2024-06-26 23:47:33,574 - ERROR - Error fetching Country + ASN details for IP: 71.73.84.23. Error: The asn method cannot be used with the ipinfo generic_country_free_country_asn.mmdb database
2024-06-26 23:47:33,857 - ERROR - Error fetching Country + ASN details for IP: 73.253.185.148. Error: The asn method cannot be used with the ipinfo generic_country_free_country_asn.mmdb database
2024-06-26 23:47:33,998 - ERROR - Error fetching Country + ASN details for IP: 174.168.51.95. Error: The asn method cannot be used with the ipinfo generic_country_free_country_asn.mmdb database
2024-06-26 23:47:34,140 - ERROR - Error fetching Country + ASN details for IP: 69.253.185.201. Error: The asn method cannot be used with the ipinfo generic_country_free_country_asn.mmdb database
2024-06-26 23:47:34,265 - ERROR - Error fetching Country + ASN details for IP: 24.113.83.136. Error: The asn method cannot be used with the ipinfo generic_country_free_country_asn.mmdb database
2024-06-26 23:47:34,408 - ERROR - Error fetching Country + ASN details for IP: 174.73.206.191. Error: The asn method cannot be used with the ipinfo generic_country_free_country_asn.mmdb database
2024-06-26 23:47:34,562 - ERROR - Error fetching Country + ASN details for IP: 174.64.78.79. Error: The asn method cannot be used with the ipinfo generic_country_free_country_asn.mmdb database
2024-06-26 23:47:34,714 - ERROR - Error fetching Country + ASN details for IP: 73.254.120.229. Error: The asn method cannot be used with the ipinfo generic_country_free_country_asn.mmdb database
2024-06-26 23:47:34,841 - ERROR - Error fetching Country + ASN details for IP: 173.70.230.49. Error: The asn method cannot be used with the ipinfo generic_country_free_country_asn.mmdb database
2024-06-26 23:47:34,976 - ERROR - Error fetching Country + ASN details for IP: 207.228.39.253. Error: The asn method cannot be used with the ipinfo generic_country_free_country_asn.mmdb database
2024-06-26 23:47:35,119 - ERROR - Error fetching Country + ASN details for IP: 35.145.102.104. Error: The asn method cannot be used with the ipinfo generic_country_free_country_asn.mmdb database
2024-06-26 23:47:35,268 - ERROR - Error fetching Country + ASN details for IP: 24.243.243.153. Error: The asn method cannot be used with the ipinfo generic_country_free_country_asn.mmdb database
2024-06-26 23:47:35,393 - ERROR - Error fetching Country + ASN details for IP: 172.58.209.20. Error: The asn method cannot be used with the ipinfo generic_country_free_country_asn.mmdb database
2024-06-26 23:47:35,537 - ERROR - Error fetching Country + ASN details for IP: 172.58.131.246. Error: The asn method cannot be used with the ipinfo generic_country_free_country_asn.mmdb database
2024-06-26 23:47:35,665 - ERROR - Error fetching Country + ASN details for IP: 131.93.150.196. Error: The asn method cannot be used with the ipinfo generic_country_free_country_asn.mmdb database
2024-06-26 23:47:35,832 - ERROR - Error fetching Country + ASN details for IP: 76.234.152.222. Error: The asn method cannot be used with the ipinfo generic_country_free_country_asn.mmdb database
2024-06-26 23:47:35,961 - ERROR - Error fetching Country + ASN details for IP: 76.37.26.47. Error: The asn method cannot be used with the ipinfo generic_country_free_country_asn.mmdb database
2024-06-26 23:47:36,097 - ERROR - Error fetching Country + ASN details for IP: 204.14.36.70. Error: The asn method cannot be used with the ipinfo generic_country_free_country_asn.mmdb database
2024-06-26 23:47:36,241 - ERROR - Error fetching Country + ASN details for IP: 96.227.101.106. Error: The asn method cannot be used with the ipinfo generic_country_free_country_asn.mmdb database
2024-06-26 23:47:36,367 - ERROR - Error fetching Country + ASN details for IP: 68.132.11.116. Error: The asn method cannot be used with the ipinfo generic_country_free_country_asn.mmdb database
2024-06-26 23:47:36,534 - ERROR - Error fetching Country + ASN details for IP: 172.56.186.4. Error: The asn method cannot be used with the ipinfo generic_country_free_country_asn.mmdb database
2024-06-26 23:47:36,659 - ERROR - Error fetching Country + ASN details for IP: 172.56.208.82. Error: The asn method cannot be used with the ipinfo generic_country_free_country_asn.mmdb database
2024-06-26 23:47:36,799 - ERROR - Error fetching Country + ASN details for IP: 8.15.177.199. Error: The asn method cannot be used with the ipinfo generic_country_free_country_asn.mmdb database
2024-06-26 23:47:36,945 - ERROR - Error fetching Country + ASN details for IP: 67.191.8.106. Error: The asn method cannot be used with the ipinfo generic_country_free_country_asn.mmdb database
2024-06-26 23:47:37,093 - ERROR - Error fetching Country + ASN details for IP: 104.6.133.37. Error: The asn method cannot be used with the ipinfo generic_country_free_country_asn.mmdb database
2024-06-26 23:47:37,217 - ERROR - Error fetching Country + ASN details for IP: 50.90.148.98. Error: The asn method cannot be used with the ipinfo generic_country_free_country_asn.mmdb database
2024-06-26 23:47:37,356 - ERROR - Error fetching Country + ASN details for IP: 73.165.25.88. Error: The asn method cannot be used with the ipinfo generic_country_free_country_asn.mmdb database
2024-06-26 23:47:37,508 - ERROR - Error fetching Country + ASN details for IP: 75.232.119.52. Error: The asn method cannot be used with the ipinfo generic_country_free_country_asn.mmdb database
2024-06-26 23:47:37,633 - ERROR - Error fetching Country + ASN details for IP: 108.174.185.162. Error: The asn method cannot be used with the ipinfo generic_country_free_country_asn.mmdb database
2024-06-26 23:47:37,786 - ERROR - Error fetching Country + ASN details for IP: 173.22.104.154. Error: The asn method cannot be used with the ipinfo generic_country_free_country_asn.mmdb database
2024-06-26 23:47:37,915 - ERROR - Error fetching Country + ASN details for IP: 47.148.86.72. Error: The asn method cannot be used with the ipinfo generic_country_free_country_asn.mmdb database
2024-06-26 23:47:38,049 - ERROR - Error fetching Country + ASN details for IP: 142.214.155.139. Error: The asn method cannot be used with the ipinfo generic_country_free_country_asn.mmdb database
2024-06-26 23:47:38,198 - ERROR - Error fetching Country + ASN details for IP: 73.197.236.224. Error: The asn method cannot be used with the ipinfo generic_country_free_country_asn.mmdb database
2024-06-26 23:47:38,342 - ERROR - Error fetching Country + ASN details for IP: 104.174.211.112. Error: The asn method cannot be used with the ipinfo generic_country_free_country_asn.mmdb database
2024-06-26 23:47:38,496 - ERROR - Error fetching Country + ASN details for IP: 138.229.235.120. Error: The asn method cannot be used with the ipinfo generic_country_free_country_asn.mmdb database
2024-06-26 23:47:38,639 - ERROR - Error fetching Country + ASN details for IP: 108.165.115.135. Error: The asn method cannot be used with the ipinfo generic_country_free_country_asn.mmdb database
2024-06-26 23:47:38,799 - ERROR - Error fetching Country + ASN details for IP: 142.255.126.79. Error: The asn method cannot be used with the ipinfo generic_country_free_country_asn.mmdb database
2024-06-26 23:47:38,931 - ERROR - Error fetching Country + ASN details for IP: 108.41.188.44. Error: The asn method cannot be used with the ipinfo generic_country_free_country_asn.mmdb database
2024-06-26 23:47:39,058 - ERROR - Error fetching Country + ASN details for IP: 76.138.47.238. Error: The asn method cannot be used with the ipinfo generic_country_free_country_asn.mmdb database
2024-06-26 23:47:39,186 - ERROR - Error fetching Country + ASN details for IP: 75.191.65.74. Error: The asn method cannot be used with the ipinfo generic_country_free_country_asn.mmdb database
2024-06-26 23:47:39,315 - ERROR - Error fetching Country + ASN details for IP: 73.58.11.241. Error: The asn method cannot be used with the ipinfo generic_country_free_country_asn.mmdb database
2024-06-26 23:47:39,442 - ERROR - Error fetching Country + ASN details for IP: 143.55.90.250. Error: The asn method cannot be used with the ipinfo generic_country_free_country_asn.mmdb database
2024-06-26 23:47:39,566 - ERROR - Error fetching Country + ASN details for IP: 45.42.141.113. Error: The asn method cannot be used with the ipinfo generic_country_free_country_asn.mmdb database
2024-06-26 23:47:39,698 - ERROR - Error fetching Country + ASN details for IP: 47.150.133.174. Error: The asn method cannot be used with the ipinfo generic_country_free_country_asn.mmdb database
2024-06-26 23:47:39,824 - ERROR - Error fetching Country + ASN details for IP: 50.110.243.145. Error: The asn method cannot be used with the ipinfo generic_country_free_country_asn.mmdb database
2024-06-26 23:47:40,011 - ERROR - Error fetching Country + ASN details for IP: 99.32.159.24. Error: The asn method cannot be used with the ipinfo generic_country_free_country_asn.mmdb database
2024-06-26 23:47:40,138 - ERROR - Error fetching Country + ASN details for IP: 172.59.97.158. Error: The asn method cannot be used with the ipinfo generic_country_free_country_asn.mmdb database
2024-06-26 23:47:40,264 - ERROR - Error fetching Country + ASN details for IP: 108.237.171.107. Error: The asn method cannot be used with the ipinfo generic_country_free_country_asn.mmdb database
2024-06-26 23:47:40,441 - ERROR - Error fetching Country + ASN details for IP: 135.134.227.13. Error: The asn method cannot be used with the ipinfo generic_country_free_country_asn.mmdb database
2024-06-26 23:47:40,586 - ERROR - Error fetching Country + ASN details for IP: 98.216.72.38. Error: The asn method cannot be used with the ipinfo generic_country_free_country_asn.mmdb database
2024-06-26 23:47:40,723 - ERROR - Error fetching Country + ASN details for IP: 100.1.57.119. Error: The asn method cannot be used with the ipinfo generic_country_free_country_asn.mmdb database
2024-06-26 23:47:40,863 - ERROR - Error fetching Country + ASN details for IP: 206.217.8.23. Error: The asn method cannot be used with the ipinfo generic_country_free_country_asn.mmdb database
2024-06-26 23:47:41,029 - ERROR - Error fetching Country + ASN details for IP: 99.42.123.77. Error: The asn method cannot be used with the ipinfo generic_country_free_country_asn.mmdb database
2024-06-26 23:47:41,156 - ERROR - Error fetching Country + ASN details for IP: 73.12.194.148. Error: The asn method cannot be used with the ipinfo generic_country_free_country_asn.mmdb database
2024-06-26 23:47:41,307 - ERROR - Error fetching Country + ASN details for IP: 35.145.42.0. Error: The asn method cannot be used with the ipinfo generic_country_free_country_asn.mmdb database
2024-06-26 23:47:41,441 - ERROR - Error fetching Country + ASN details for IP: 68.107.65.248. Error: The asn method cannot be used with the ipinfo generic_country_free_country_asn.mmdb database
2024-06-26 23:47:41,568 - ERROR - Error fetching Country + ASN details for IP: 108.175.188.61. Error: The asn method cannot be used with the ipinfo generic_country_free_country_asn.mmdb database
2024-06-26 23:47:41,693 - ERROR - Error fetching Country + ASN details for IP: 99.56.186.54. Error: The asn method cannot be used with the ipinfo generic_country_free_country_asn.mmdb database
2024-06-26 23:47:41,836 - ERROR - Error fetching Country + ASN details for IP: 72.211.148.150. Error: The asn method cannot be used with the ipinfo generic_country_free_country_asn.mmdb database
2024-06-26 23:47:41,961 - ERROR - Error fetching Country + ASN details for IP: 208.66.212.229. Error: The asn method cannot be used with the ipinfo generic_country_free_country_asn.mmdb database
2024-06-26 23:47:42,111 - ERROR - Error fetching Country + ASN details for IP: 76.90.125.239. Error: The asn method cannot be used with the ipinfo generic_country_free_country_asn.mmdb database
2024-06-26 23:47:42,251 - ERROR - Error fetching Country + ASN details for IP: 71.209.202.3. Error: The asn method cannot be used with the ipinfo generic_country_free_country_asn.mmdb database
2024-06-26 23:47:42,391 - ERROR - Error fetching Country + ASN details for IP: 82.86.70.135. Error: The asn method cannot be used with the ipinfo generic_country_free_country_asn.mmdb database
2024-06-26 23:47:42,510 - ERROR - Error fetching Country + ASN details for IP: 71.76.37.248. Error: The asn method cannot be used with the ipinfo generic_country_free_country_asn.mmdb database
2024-06-26 23:47:42,656 - ERROR - Error fetching Country + ASN details for IP: 108.6.112.204. Error: The asn method cannot be used with the ipinfo generic_country_free_country_asn.mmdb database
2024-06-26 23:47:42,794 - ERROR - Error fetching Country + ASN details for IP: 71.245.161.137. Error: The asn method cannot be used with the ipinfo generic_country_free_country_asn.mmdb database
2024-06-26 23:47:42,914 - ERROR - Error fetching Country + ASN details for IP: 172.59.187.175. Error: The asn method cannot be used with the ipinfo generic_country_free_country_asn.mmdb database
2024-06-26 23:47:43,051 - ERROR - Error fetching Country + ASN details for IP: 35.148.187.231. Error: The asn method cannot be used with the ipinfo generic_country_free_country_asn.mmdb database
2024-06-26 23:47:43,190 - ERROR - Error fetching Country + ASN details for IP: 73.134.227.22. Error: The asn method cannot be used with the ipinfo generic_country_free_country_asn.mmdb database
2024-06-26 23:47:43,357 - ERROR - Error fetching Country + ASN details for IP: 73.104.233.59. Error: The asn method cannot be used with the ipinfo generic_country_free_country_asn.mmdb database
2024-06-26 23:47:43,499 - ERROR - Error fetching Country + ASN details for IP: 75.44.151.81. Error: The asn method cannot be used with the ipinfo generic_country_free_country_asn.mmdb database
2024-06-26 23:47:43,662 - ERROR - Error fetching Country + ASN details for IP: 71.71.135.85. Error: The asn method cannot be used with the ipinfo generic_country_free_country_asn.mmdb database
2024-06-26 23:47:43,805 - ERROR - Error fetching Country + ASN details for IP: 184.97.151.29. Error: The asn method cannot be used with the ipinfo generic_country_free_country_asn.mmdb database
2024-06-26 23:47:43,950 - ERROR - Error fetching Country + ASN details for IP: 76.116.93.98. Error: The asn method cannot be used with the ipinfo generic_country_free_country_asn.mmdb database
2024-06-26 23:47:44,078 - ERROR - Error fetching Country + ASN details for IP: 76.35.77.111. Error: The asn method cannot be used with the ipinfo generic_country_free_country_asn.mmdb database
2024-06-26 23:47:44,234 - ERROR - Error fetching Country + ASN details for IP: 67.252.72.100. Error: The asn method cannot be used with the ipinfo generic_country_free_country_asn.mmdb database
2024-06-26 23:47:44,381 - ERROR - Error fetching Country + ASN details for IP: 100.1.116.62. Error: The asn method cannot be used with the ipinfo generic_country_free_country_asn.mmdb database
2024-06-26 23:47:44,527 - ERROR - Error fetching Country + ASN details for IP: 47.16.187.188. Error: The asn method cannot be used with the ipinfo generic_country_free_country_asn.mmdb database
2024-06-26 23:47:44,665 - ERROR - Error fetching Country + ASN details for IP: 73.49.31.252. Error: The asn method cannot be used with the ipinfo generic_country_free_country_asn.mmdb database
2024-06-26 23:47:44,830 - ERROR - Error fetching Country + ASN details for IP: 76.235.245.164. Error: The asn method cannot be used with the ipinfo generic_country_free_country_asn.mmdb database
2024-06-26 23:47:44,970 - ERROR - Error fetching Country + ASN details for IP: 73.139.199.144. Error: The asn method cannot be used with the ipinfo generic_country_free_country_asn.mmdb database
2024-06-26 23:47:45,136 - ERROR - Error fetching Country + ASN details for IP: 73.216.101.203. Error: The asn method cannot be used with the ipinfo generic_country_free_country_asn.mmdb database
2024-06-26 23:47:45,263 - ERROR - Error fetching Country + ASN details for IP: 24.183.244.183. Error: The asn method cannot be used with the ipinfo generic_country_free_country_asn.mmdb database
2024-06-26 23:47:45,395 - ERROR - Error fetching Country + ASN details for IP: 68.66.29.238. Error: The asn method cannot be used with the ipinfo generic_country_free_country_asn.mmdb database
2024-06-26 23:47:45,543 - ERROR - Error fetching Country + ASN details for IP: 24.158.120.230. Error: The asn method cannot be used with the ipinfo generic_country_free_country_asn.mmdb database
2024-06-26 23:47:45,668 - ERROR - Error fetching Country + ASN details for IP: 76.35.3.115. Error: The asn method cannot be used with the ipinfo generic_country_free_country_asn.mmdb database
2024-06-26 23:47:45,809 - ERROR - Error fetching Country + ASN details for IP: 68.202.231.164. Error: The asn method cannot be used with the ipinfo generic_country_free_country_asn.mmdb database
2024-06-26 23:47:45,934 - ERROR - Error fetching Country + ASN details for IP: 35.134.203.19. Error: The asn method cannot be used with the ipinfo generic_country_free_country_asn.mmdb database
2024-06-26 23:47:46,083 - ERROR - Error fetching Country + ASN details for IP: 45.24.12.225. Error: The asn method cannot be used with the ipinfo generic_country_free_country_asn.mmdb database
2024-06-26 23:47:46,211 - ERROR - Error fetching Country + ASN details for IP: 144.163.66.15. Error: The asn method cannot be used with the ipinfo generic_country_free_country_asn.mmdb database
2024-06-26 23:47:46,355 - ERROR - Error fetching Country + ASN details for IP: 70.177.144.139. Error: The asn method cannot be used with the ipinfo generic_country_free_country_asn.mmdb database
2024-06-26 23:47:46,490 - ERROR - Error fetching Country + ASN details for IP: 24.34.234.139. Error: The asn method cannot be used with the ipinfo generic_country_free_country_asn.mmdb database
2024-06-26 23:47:46,632 - ERROR - Error fetching Country + ASN details for IP: 24.41.101.90. Error: The asn method cannot be used with the ipinfo generic_country_free_country_asn.mmdb database
2024-06-26 23:47:46,762 - ERROR - Error fetching Country + ASN details for IP: 192.24.102.225. Error: The asn method cannot be used with the ipinfo generic_country_free_country_asn.mmdb database
2024-06-26 23:47:46,892 - ERROR - Error fetching Country + ASN details for IP: 47.198.113.18. Error: The asn method cannot be used with the ipinfo generic_country_free_country_asn.mmdb database
2024-06-26 23:47:47,021 - ERROR - Error fetching Country + ASN details for IP: 45.46.81.235. Error: The asn method cannot be used with the ipinfo generic_country_free_country_asn.mmdb database
2024-06-26 23:47:47,208 - ERROR - Error fetching Country + ASN details for IP: 47.199.221.23. Error: The asn method cannot be used with the ipinfo generic_country_free_country_asn.mmdb database
2024-06-26 23:47:47,367 - ERROR - Error fetching Country + ASN details for IP: 174.61.102.126. Error: The asn method cannot be used with the ipinfo generic_country_free_country_asn.mmdb database
2024-06-26 23:47:47,500 - ERROR - Error fetching Country + ASN details for IP: 172.118.100.165. Error: The asn method cannot be used with the ipinfo generic_country_free_country_asn.mmdb database
2024-06-26 23:47:47,642 - ERROR - Error fetching Country + ASN details for IP: 99.137.150.9. Error: The asn method cannot be used with the ipinfo generic_country_free_country_asn.mmdb database
2024-06-26 23:47:47,806 - ERROR - Error fetching Country + ASN details for IP: 70.126.16.230. Error: The asn method cannot be used with the ipinfo generic_country_free_country_asn.mmdb database
2024-06-26 23:47:47,997 - ERROR - Error fetching Country + ASN details for IP: 73.235.175.103. Error: The asn method cannot be used with the ipinfo generic_country_free_country_asn.mmdb database
2024-06-26 23:47:48,120 - ERROR - Error fetching Country + ASN details for IP: 24.28.99.245. Error: The asn method cannot be used with the ipinfo generic_country_free_country_asn.mmdb database
2024-06-26 23:47:48,250 - ERROR - Error fetching Country + ASN details for IP: 68.118.250.207. Error: The asn method cannot be used with the ipinfo generic_country_free_country_asn.mmdb database
2024-06-26 23:47:48,423 - ERROR - Error fetching Country + ASN details for IP: 69.138.164.237. Error: The asn method cannot be used with the ipinfo generic_country_free_country_asn.mmdb database
2024-06-26 23:47:48,551 - ERROR - Error fetching Country + ASN details for IP: 98.237.123.231. Error: The asn method cannot be used with the ipinfo generic_country_free_country_asn.mmdb database
2024-06-26 23:47:48,701 - ERROR - Error fetching Country + ASN details for IP: 98.252.189.7. Error: The asn method cannot be used with the ipinfo generic_country_free_country_asn.mmdb database
2024-06-26 23:48:21,437 - INFO - Results saved to output/ip_lookup_results.csv
2024-06-26 23:48:24,766 - INFO - Results saved to output/ip_lookup_results.csv
2024-06-26 23:48:27,685 - INFO - Results saved to output/ip_lookup_results.csv
2024-06-26 23:48:27,908 - INFO - Results saved to output/ip_lookup_results.csv
2024-06-26 23:48:28,116 - INFO - Results saved to output/ip_lookup_results.csv
2024-06-26 23:48:28,285 - INFO - Results saved to output/ip_lookup_results.csv
2024-06-26 23:48:28,456 - INFO - Results saved to output/ip_lookup_results.csv
2024-06-26 23:48:28,663 - INFO - Results saved to output/ip_lookup_results.csv
2024-06-26 23:48:28,851 - INFO - Results saved to output/ip_lookup_results.csv
2024-06-26 23:48:29,072 - INFO - Results saved to output/ip_lookup_results.csv
2024-06-26 23:48:29,279 - INFO - Results saved to output/ip_lookup_results.csv
2024-06-26 23:48:30,873 - INFO - Results saved to output/ip_lookup_results.csv
